<?xml version="1.0" encoding="UTF-8"?>
<!-- Generated by org.testng.reporters.JUnitReportReporter -->
<testsuite hostname="Anubhavs-MacBook-Air.local" failures="0" tests="3" name="TestCasesFolder.E_Commerce" time="26.801" errors="0" timestamp="2023-11-08T19:40:09 IST" skipped="0">
  <testcase classname="TestCasesFolder.E_Commerce" name="submitOrder" time="11.365"/>
  <system-out/>
  <testcase classname="TestCasesFolder.E_Commerce" name="submitOrder" time="11.289"/>
  <system-out/>
  <testcase classname="TestCasesFolder.E_Commerce" name="OrderHistory" time="4.147"/>
  <system-out/>
</testsuite> <!-- TestCasesFolder.E_Commerce -->
