<?xml version="1.0" encoding="UTF-8"?>
<!-- Generated by org.testng.reporters.JUnitReportReporter -->
<testsuite hostname="Anubhavs-MacBook-Air.local" failures="0" tests="3" name="TestCasesFolder.E_Commerce" time="27.947" errors="0" timestamp="2023-11-12T20:38:00 IST" skipped="0">
  <testcase classname="TestCasesFolder.E_Commerce" name="OrderHistory" time="2.307"/>
  <system-out/>
  <testcase classname="TestCasesFolder.E_Commerce" name="submitOrder" time="14.398"/>
  <system-out/>
  <testcase classname="TestCasesFolder.E_Commerce" name="submitOrder" time="11.242"/>
  <system-out/>
</testsuite> <!-- TestCasesFolder.E_Commerce -->
