<?xml version="1.0" encoding="UTF-8"?>
<!-- Generated by org.testng.reporters.JUnitReportReporter -->
<testsuite hostname="Anubhavs-MacBook-Air.local" failures="0" tests="3" name="TestCasesFolder.E_Commerce" time="26.305" errors="0" timestamp="2023-11-09T18:51:28 IST" skipped="0">
  <testcase classname="TestCasesFolder.E_Commerce" name="submitOrder" time="11.904"/>
  <system-out/>
  <testcase classname="TestCasesFolder.E_Commerce" name="OrderHistory" time="2.311"/>
  <system-out/>
  <testcase classname="TestCasesFolder.E_Commerce" name="submitOrder" time="12.090"/>
  <system-out/>
</testsuite> <!-- TestCasesFolder.E_Commerce -->
