<?xml version="1.0" encoding="UTF-8"?>
<!-- Generated by org.testng.reporters.JUnitReportReporter -->
<testsuite hostname="Anubhavs-MacBook-Air.local" failures="0" tests="1" name="TestCasesFolder.ErrorValidations" time="12.622" errors="0" timestamp="2023-11-14T14:52:55 IST" skipped="0">
  <testcase classname="TestCasesFolder.ErrorValidations" name="ProductErrorValidation" time="12.622"/>
  <system-out/>
</testsuite> <!-- TestCasesFolder.ErrorValidations -->
