<?xml version="1.0" encoding="UTF-8"?>
<!-- Generated by org.testng.reporters.JUnitReportReporter -->
<testsuite hostname="Anubhavs-MacBook-Air.local" failures="0" tests="2" name="TestCasesFolder.E_Commerce" time="10.446" errors="0" timestamp="2023-11-08T18:18:07 IST" skipped="0">
  <testcase classname="TestCasesFolder.E_Commerce" name="submitOrder" time="8.177"/>
  <system-out/>
  <testcase classname="TestCasesFolder.E_Commerce" name="OrderHistory" time="2.269"/>
  <system-out/>
</testsuite> <!-- TestCasesFolder.E_Commerce -->
