<?xml version="1.0" encoding="UTF-8"?>
<!-- Generated by org.testng.reporters.JUnitReportReporter -->
<testsuite hostname="Anubhavs-MacBook-Air.local" failures="0" tests="2" name="TestCasesFolder.ErrorValidations" time="15.199" errors="0" timestamp="2023-11-11T17:27:41 IST" skipped="0">
  <testcase classname="TestCasesFolder.ErrorValidations" name="ProductErrorValidation" time="12.166"/>
  <system-out/>
  <testcase classname="TestCasesFolder.ErrorValidations" name="LoginErrorValidation" time="3.033"/>
  <system-out/>
</testsuite> <!-- TestCasesFolder.ErrorValidations -->
