<?xml version="1.0" encoding="UTF-8"?>
<!-- Generated by org.testng.reporters.JUnitReportReporter -->
<testsuite hostname="Anubhavs-MacBook-Air.local" failures="0" tests="2" name="TestCasesFolder.ErrorValidations" time="15.474" errors="0" timestamp="2023-11-08T18:21:46 IST" skipped="0">
  <testcase classname="TestCasesFolder.ErrorValidations" name="LoginErrorValidation" time="4.374"/>
  <system-out/>
  <testcase classname="TestCasesFolder.ErrorValidations" name="ProductErrorValidation" time="11.100"/>
  <system-out/>
</testsuite> <!-- TestCasesFolder.ErrorValidations -->
