<?xml version="1.0" encoding="UTF-8"?>
<!-- Generated by org.testng.reporters.JUnitReportReporter -->
<testsuite hostname="Anubhavs-MacBook-Air.local" failures="0" tests="2" name="TestCasesFolder.ErrorValidations" time="13.956" errors="0" timestamp="2023-11-13T13:45:38 IST" skipped="0">
  <testcase classname="TestCasesFolder.ErrorValidations" name="ProductErrorValidation" time="11.312"/>
  <system-out/>
  <testcase classname="TestCasesFolder.ErrorValidations" name="LoginErrorValidation" time="2.644"/>
  <system-out/>
</testsuite> <!-- TestCasesFolder.ErrorValidations -->
