<?xml version="1.0" encoding="UTF-8"?>
<!-- Generated by org.testng.reporters.JUnitReportReporter -->
<testsuite hostname="Anubhavs-MacBook-Air.local" failures="0" tests="2" name="TestCasesFolder.ErrorValidations" time="15.465" errors="0" timestamp="2023-11-07T19:59:33 IST" skipped="0">
  <testcase classname="TestCasesFolder.ErrorValidations" name="LoginErrorValidation" time="4.187"/>
  <system-out/>
  <testcase classname="TestCasesFolder.ErrorValidations" name="ProductErrorValidation" time="11.278"/>
  <system-out/>
</testsuite> <!-- TestCasesFolder.ErrorValidations -->
