<?xml version="1.0" encoding="UTF-8"?>
<!-- Generated by org.testng.reporters.JUnitReportReporter -->
<testsuite hostname="Anubhavs-MacBook-Air.local" failures="0" tests="1" name="TestCasesFolder.E_Commerce" time="6.976" errors="0" timestamp="2023-11-06T17:15:11 IST" skipped="0">
  <testcase classname="TestCasesFolder.E_Commerce" name="Test" time="6.976"/>
  <system-out/>
</testsuite> <!-- TestCasesFolder.E_Commerce -->
