<?xml version="1.0" encoding="UTF-8"?>
<!-- Generated by org.testng.reporters.JUnitReportReporter -->
<testsuite hostname="Anubhavs-MacBook-Air.local" failures="0" tests="2" name="Cucumber.TestRunner" time="16.038" errors="0" timestamp="2023-11-13T13:50:41 IST" skipped="0">
  <testcase classname="Cucumber.TestRunner" name="runScenario" time="3.181"/>
  <system-out/>
  <testcase classname="Cucumber.TestRunner" name="runScenario" time="12.857"/>
  <system-out/>
</testsuite> <!-- Cucumber.TestRunner -->
