<?xml version="1.0" encoding="UTF-8"?>
<!-- Generated by org.testng.reporters.JUnitReportReporter -->
<testsuite hostname="Anubhavs-MacBook-Air.local" failures="0" tests="2" name="TestCasesFolder.ErrorValidations" time="18.286" errors="0" timestamp="2023-11-11T18:04:22 IST" skipped="0">
  <testcase classname="TestCasesFolder.ErrorValidations" name="LoginErrorValidation" time="4.145"/>
  <system-out/>
  <testcase classname="TestCasesFolder.ErrorValidations" name="ProductErrorValidation" time="14.141"/>
  <system-out/>
</testsuite> <!-- TestCasesFolder.ErrorValidations -->
