<?xml version="1.0" encoding="UTF-8"?>
<!-- Generated by org.testng.reporters.JUnitReportReporter -->
<testsuite hostname="Anubhavs-MacBook-Air.local" failures="0" tests="3" name="TestCasesFolder.E_Commerce" time="28.846" errors="0" timestamp="2023-11-12T17:14:13 IST" skipped="0">
  <testcase classname="TestCasesFolder.E_Commerce" name="OrderHistory" time="5.327"/>
  <system-out/>
  <testcase classname="TestCasesFolder.E_Commerce" name="submitOrder" time="11.967"/>
  <system-out/>
  <testcase classname="TestCasesFolder.E_Commerce" name="submitOrder" time="11.552"/>
  <system-out/>
</testsuite> <!-- TestCasesFolder.E_Commerce -->
