<?xml version="1.0" encoding="UTF-8"?>
<!-- Generated by org.testng.reporters.JUnitReportReporter -->
<testsuite hostname="Anubhavs-MacBook-Air.local" failures="0" tests="3" name="TestCasesFolder.E_Commerce" time="29.400" errors="0" timestamp="2023-11-11T17:32:47 IST" skipped="0">
  <testcase classname="TestCasesFolder.E_Commerce" name="submitOrder" time="12.333"/>
  <system-out/>
  <testcase classname="TestCasesFolder.E_Commerce" name="submitOrder" time="12.104"/>
  <system-out/>
  <testcase classname="TestCasesFolder.E_Commerce" name="OrderHistory" time="4.963"/>
  <system-out/>
</testsuite> <!-- TestCasesFolder.E_Commerce -->
