<?xml version="1.0" encoding="UTF-8"?>
<!-- Generated by org.testng.reporters.JUnitReportReporter -->
<testsuite hostname="Anubhavs-MacBook-Air.local" failures="0" tests="3" name="Cucumber.TestRunner" time="19.017" errors="0" timestamp="2023-11-13T14:11:46 IST" skipped="0">
  <testcase classname="Cucumber.TestRunner" name="runScenario" time="12.184"/>
  <system-out/>
  <testcase classname="Cucumber.TestRunner" name="runScenario" time="2.862"/>
  <system-out/>
  <testcase classname="Cucumber.TestRunner" name="runScenario" time="3.971"/>
  <system-out/>
</testsuite> <!-- Cucumber.TestRunner -->
