<?xml version="1.0" encoding="UTF-8"?>
<!-- Generated by org.testng.reporters.JUnitReportReporter -->
<testsuite hostname="Anubhavs-MacBook-Air.local" failures="0" tests="2" name="TestCasesFolder.ErrorValidations" time="16.792" errors="0" timestamp="2023-11-12T17:14:13 IST" skipped="0">
  <testcase classname="TestCasesFolder.ErrorValidations" name="LoginErrorValidation" time="5.597"/>
  <system-out/>
  <testcase classname="TestCasesFolder.ErrorValidations" name="ProductErrorValidation" time="11.195"/>
  <system-out/>
</testsuite> <!-- TestCasesFolder.ErrorValidations -->
